2023-07-13 08:30:13.965 +02:00 [INF] Now listening on: https://localhost:7293
2023-07-13 08:30:13.984 +02:00 [INF] Now listening on: http://localhost:5293
2023-07-13 08:30:13.987 +02:00 [INF] Application started. Press Ctrl+C to shut down.
2023-07-13 08:30:13.987 +02:00 [INF] Hosting environment: Development
2023-07-13 08:30:13.987 +02:00 [INF] Content root path: C:\Users\Manuel_work\Documents\FH\FH\semester02\swen02\FH_swen02_TourPlanner\TourPlannerServer\
2023-07-13 08:30:17.857 +02:00 [INF] Request starting HTTP/1.1 GET https://localhost:7293/api/Tour - -
2023-07-13 08:30:17.905 +02:00 [INF] Executing endpoint 'TourPlannerServer.Controllers.TourController.GetTours (TourPlannerServer)'
2023-07-13 08:30:17.925 +02:00 [INF] Route matched with {action = "GetTours", controller = "Tour"}. Executing controller action with signature System.Threading.Tasks.Task`1[Microsoft.AspNetCore.Mvc.ActionResult`1[System.Collections.Generic.IEnumerable`1[TourPlannerServer.Model.Tour]]] GetTours() on controller TourPlannerServer.Controllers.TourController (TourPlannerServer).
2023-07-13 08:30:18.131 +02:00 [INF] Fetching all tours
2023-07-13 08:30:19.121 +02:00 [INF] Executed DbCommand (41ms) [Parameters=[], CommandType='"Text"', CommandTimeout='30']
SELECT t."Id", t."Description", t."Distance", t."EstTime", t."From", t."Name", t."To", t."TransportType"
FROM "Tour" AS t
ORDER BY t."Id"
2023-07-13 08:30:19.183 +02:00 [INF] Executing ObjectResult, writing value of type 'System.Collections.Generic.List`1[[TourPlannerServer.Model.Tour, TourPlannerServer, Version=1.0.0.0, Culture=neutral, PublicKeyToken=null]]'.
2023-07-13 08:30:19.276 +02:00 [INF] Executed action TourPlannerServer.Controllers.TourController.GetTours (TourPlannerServer) in 1347.4614ms
2023-07-13 08:30:19.276 +02:00 [INF] Executed endpoint 'TourPlannerServer.Controllers.TourController.GetTours (TourPlannerServer)'
2023-07-13 08:30:19.282 +02:00 [INF] Request finished HTTP/1.1 GET https://localhost:7293/api/Tour - - - 200 - application/json;+charset=utf-8 1428.0982ms
2023-07-13 08:30:19.469 +02:00 [INF] Request starting HTTP/1.1 GET https://localhost:7293/api/Tour/4/TourLogs - -
2023-07-13 08:30:19.469 +02:00 [INF] Request starting HTTP/1.1 GET https://localhost:7293/api/Tour/1/TourLogs - -
2023-07-13 08:30:19.469 +02:00 [INF] Request starting HTTP/1.1 GET https://localhost:7293/api/Tour/9/TourLogs - -
2023-07-13 08:30:19.470 +02:00 [INF] Executing endpoint 'TourPlannerServer.Controllers.TourController.GetTourLogs (TourPlannerServer)'
2023-07-13 08:30:19.470 +02:00 [INF] Executing endpoint 'TourPlannerServer.Controllers.TourController.GetTourLogs (TourPlannerServer)'
2023-07-13 08:30:19.470 +02:00 [INF] Executing endpoint 'TourPlannerServer.Controllers.TourController.GetTourLogs (TourPlannerServer)'
2023-07-13 08:30:19.478 +02:00 [INF] Route matched with {action = "GetTourLogs", controller = "Tour"}. Executing controller action with signature System.Threading.Tasks.Task`1[Microsoft.AspNetCore.Mvc.ActionResult`1[System.Collections.Generic.IEnumerable`1[TourPlannerServer.Model.TourLog]]] GetTourLogs(Int32) on controller TourPlannerServer.Controllers.TourController (TourPlannerServer).
2023-07-13 08:30:19.478 +02:00 [INF] Route matched with {action = "GetTourLogs", controller = "Tour"}. Executing controller action with signature System.Threading.Tasks.Task`1[Microsoft.AspNetCore.Mvc.ActionResult`1[System.Collections.Generic.IEnumerable`1[TourPlannerServer.Model.TourLog]]] GetTourLogs(Int32) on controller TourPlannerServer.Controllers.TourController (TourPlannerServer).
2023-07-13 08:30:19.478 +02:00 [INF] Route matched with {action = "GetTourLogs", controller = "Tour"}. Executing controller action with signature System.Threading.Tasks.Task`1[Microsoft.AspNetCore.Mvc.ActionResult`1[System.Collections.Generic.IEnumerable`1[TourPlannerServer.Model.TourLog]]] GetTourLogs(Int32) on controller TourPlannerServer.Controllers.TourController (TourPlannerServer).
2023-07-13 08:30:19.486 +02:00 [INF] Fetching tourLogs for Tour with ID 1
2023-07-13 08:30:19.486 +02:00 [INF] Fetching tourLogs for Tour with ID 9
2023-07-13 08:30:19.486 +02:00 [INF] Fetching tourLogs for Tour with ID 4
2023-07-13 08:30:19.502 +02:00 [INF] Request starting HTTP/1.1 GET https://localhost:7293/api/Tour/20/TourLogs - -
2023-07-13 08:30:19.502 +02:00 [INF] Executing endpoint 'TourPlannerServer.Controllers.TourController.GetTourLogs (TourPlannerServer)'
2023-07-13 08:30:19.502 +02:00 [INF] Route matched with {action = "GetTourLogs", controller = "Tour"}. Executing controller action with signature System.Threading.Tasks.Task`1[Microsoft.AspNetCore.Mvc.ActionResult`1[System.Collections.Generic.IEnumerable`1[TourPlannerServer.Model.TourLog]]] GetTourLogs(Int32) on controller TourPlannerServer.Controllers.TourController (TourPlannerServer).
2023-07-13 08:30:19.503 +02:00 [INF] Fetching tourLogs for Tour with ID 20
2023-07-13 08:30:19.522 +02:00 [INF] Executed DbCommand (10ms) [Parameters=[@__id_0='?' (DbType = Int32)], CommandType='"Text"', CommandTimeout='30']
SELECT t."Id", t."Comment", t."Date", t."Difficulty", t."Duration", t."Rating", t."TourId"
FROM "TourLog" AS t
WHERE t."TourId" = @__id_0
2023-07-13 08:30:19.523 +02:00 [INF] Executing ObjectResult, writing value of type 'Microsoft.AspNetCore.Mvc.ProblemDetails'.
2023-07-13 08:30:19.526 +02:00 [INF] Executed action TourPlannerServer.Controllers.TourController.GetTourLogs (TourPlannerServer) in 47.588ms
2023-07-13 08:30:19.526 +02:00 [INF] Executed endpoint 'TourPlannerServer.Controllers.TourController.GetTourLogs (TourPlannerServer)'
2023-07-13 08:30:19.526 +02:00 [INF] Request finished HTTP/1.1 GET https://localhost:7293/api/Tour/1/TourLogs - - - 404 - application/problem+json;+charset=utf-8 57.1781ms
2023-07-13 08:30:19.532 +02:00 [INF] Executed DbCommand (1ms) [Parameters=[@__id_0='?' (DbType = Int32)], CommandType='"Text"', CommandTimeout='30']
SELECT t."Id", t."Comment", t."Date", t."Difficulty", t."Duration", t."Rating", t."TourId"
FROM "TourLog" AS t
WHERE t."TourId" = @__id_0
2023-07-13 08:30:19.532 +02:00 [INF] Executing ObjectResult, writing value of type 'Microsoft.AspNetCore.Mvc.ProblemDetails'.
2023-07-13 08:30:19.533 +02:00 [INF] Executed action TourPlannerServer.Controllers.TourController.GetTourLogs (TourPlannerServer) in 54.4507ms
2023-07-13 08:30:19.533 +02:00 [INF] Executed endpoint 'TourPlannerServer.Controllers.TourController.GetTourLogs (TourPlannerServer)'
2023-07-13 08:30:19.533 +02:00 [INF] Request finished HTTP/1.1 GET https://localhost:7293/api/Tour/9/TourLogs - - - 404 - application/problem+json;+charset=utf-8 63.9568ms
2023-07-13 08:30:19.534 +02:00 [INF] Executed DbCommand (1ms) [Parameters=[@__id_0='?' (DbType = Int32)], CommandType='"Text"', CommandTimeout='30']
SELECT t."Id", t."Comment", t."Date", t."Difficulty", t."Duration", t."Rating", t."TourId"
FROM "TourLog" AS t
WHERE t."TourId" = @__id_0
2023-07-13 08:30:19.534 +02:00 [INF] Executing ObjectResult, writing value of type 'Microsoft.AspNetCore.Mvc.ProblemDetails'.
2023-07-13 08:30:19.534 +02:00 [INF] Executed action TourPlannerServer.Controllers.TourController.GetTourLogs (TourPlannerServer) in 55.6415ms
2023-07-13 08:30:19.534 +02:00 [INF] Executed endpoint 'TourPlannerServer.Controllers.TourController.GetTourLogs (TourPlannerServer)'
2023-07-13 08:30:19.534 +02:00 [INF] Request finished HTTP/1.1 GET https://localhost:7293/api/Tour/4/TourLogs - - - 404 - application/problem+json;+charset=utf-8 65.1157ms
2023-07-13 08:30:19.539 +02:00 [INF] Executed DbCommand (0ms) [Parameters=[@__id_0='?' (DbType = Int32)], CommandType='"Text"', CommandTimeout='30']
SELECT t."Id", t."Comment", t."Date", t."Difficulty", t."Duration", t."Rating", t."TourId"
FROM "TourLog" AS t
WHERE t."TourId" = @__id_0
2023-07-13 08:30:19.539 +02:00 [INF] Executing ObjectResult, writing value of type 'Microsoft.AspNetCore.Mvc.ProblemDetails'.
2023-07-13 08:30:19.540 +02:00 [INF] Executed action TourPlannerServer.Controllers.TourController.GetTourLogs (TourPlannerServer) in 37.3589ms
2023-07-13 08:30:19.540 +02:00 [INF] Executed endpoint 'TourPlannerServer.Controllers.TourController.GetTourLogs (TourPlannerServer)'
2023-07-13 08:30:19.540 +02:00 [INF] Request finished HTTP/1.1 GET https://localhost:7293/api/Tour/20/TourLogs - - - 404 - application/problem+json;+charset=utf-8 37.9791ms
2023-07-13 08:30:21.441 +02:00 [INF] Request starting HTTP/2 GET https://localhost:7293/swagger/index.html - -
2023-07-13 08:30:21.608 +02:00 [INF] Request finished HTTP/2 GET https://localhost:7293/swagger/index.html - - - 200 - text/html;charset=utf-8 166.9524ms
2023-07-13 08:30:21.662 +02:00 [INF] Request starting HTTP/2 GET https://localhost:7293/_framework/aspnetcore-browser-refresh.js - -
2023-07-13 08:30:21.662 +02:00 [INF] Request starting HTTP/2 GET https://localhost:7293/_vs/browserLink - -
2023-07-13 08:30:21.664 +02:00 [INF] Request finished HTTP/2 GET https://localhost:7293/_framework/aspnetcore-browser-refresh.js - - - 200 11992 application/javascript;+charset=utf-8 2.4627ms
2023-07-13 08:30:21.815 +02:00 [INF] Request finished HTTP/2 GET https://localhost:7293/_vs/browserLink - - - 200 - text/javascript;+charset=UTF-8 153.4460ms
2023-07-13 08:30:21.833 +02:00 [INF] Request starting HTTP/2 GET https://localhost:7293/swagger/favicon-32x32.png - -
2023-07-13 08:30:21.838 +02:00 [INF] Sending file. Request path: '/favicon-32x32.png'. Physical path: 'N/A'
2023-07-13 08:30:21.838 +02:00 [INF] Request finished HTTP/2 GET https://localhost:7293/swagger/favicon-32x32.png - - - 0 628 image/png 4.6067ms
2023-07-13 08:30:21.899 +02:00 [INF] Request starting HTTP/2 GET https://localhost:7293/swagger/v1/swagger.json - -
2023-07-13 08:30:21.964 +02:00 [INF] Request finished HTTP/2 GET https://localhost:7293/swagger/v1/swagger.json - - - 200 - application/json;charset=utf-8 64.6586ms
2023-07-13 08:30:24.594 +02:00 [INF] Request starting HTTP/1.1 GET https://localhost:7293/api/Tour/1/TourLogs - -
2023-07-13 08:30:24.594 +02:00 [INF] Executing endpoint 'TourPlannerServer.Controllers.TourController.GetTourLogs (TourPlannerServer)'
2023-07-13 08:30:24.594 +02:00 [INF] Route matched with {action = "GetTourLogs", controller = "Tour"}. Executing controller action with signature System.Threading.Tasks.Task`1[Microsoft.AspNetCore.Mvc.ActionResult`1[System.Collections.Generic.IEnumerable`1[TourPlannerServer.Model.TourLog]]] GetTourLogs(Int32) on controller TourPlannerServer.Controllers.TourController (TourPlannerServer).
2023-07-13 08:30:24.595 +02:00 [INF] Fetching tourLogs for Tour with ID 1
2023-07-13 08:30:24.596 +02:00 [INF] Executed DbCommand (0ms) [Parameters=[@__id_0='?' (DbType = Int32)], CommandType='"Text"', CommandTimeout='30']
SELECT t."Id", t."Comment", t."Date", t."Difficulty", t."Duration", t."Rating", t."TourId"
FROM "TourLog" AS t
WHERE t."TourId" = @__id_0
2023-07-13 08:30:24.596 +02:00 [INF] Executing ObjectResult, writing value of type 'Microsoft.AspNetCore.Mvc.ProblemDetails'.
2023-07-13 08:30:24.596 +02:00 [INF] Executed action TourPlannerServer.Controllers.TourController.GetTourLogs (TourPlannerServer) in 1.3347ms
2023-07-13 08:30:24.596 +02:00 [INF] Executed endpoint 'TourPlannerServer.Controllers.TourController.GetTourLogs (TourPlannerServer)'
2023-07-13 08:30:24.596 +02:00 [INF] Request finished HTTP/1.1 GET https://localhost:7293/api/Tour/1/TourLogs - - - 404 - application/problem+json;+charset=utf-8 1.6206ms
2023-07-13 08:30:27.256 +02:00 [INF] Request starting HTTP/1.1 GET https://localhost:7293/api/Tour/4/TourLogs - -
2023-07-13 08:30:27.256 +02:00 [INF] Executing endpoint 'TourPlannerServer.Controllers.TourController.GetTourLogs (TourPlannerServer)'
2023-07-13 08:30:27.256 +02:00 [INF] Route matched with {action = "GetTourLogs", controller = "Tour"}. Executing controller action with signature System.Threading.Tasks.Task`1[Microsoft.AspNetCore.Mvc.ActionResult`1[System.Collections.Generic.IEnumerable`1[TourPlannerServer.Model.TourLog]]] GetTourLogs(Int32) on controller TourPlannerServer.Controllers.TourController (TourPlannerServer).
2023-07-13 08:30:27.256 +02:00 [INF] Fetching tourLogs for Tour with ID 4
2023-07-13 08:30:27.257 +02:00 [INF] Executed DbCommand (0ms) [Parameters=[@__id_0='?' (DbType = Int32)], CommandType='"Text"', CommandTimeout='30']
SELECT t."Id", t."Comment", t."Date", t."Difficulty", t."Duration", t."Rating", t."TourId"
FROM "TourLog" AS t
WHERE t."TourId" = @__id_0
2023-07-13 08:30:27.257 +02:00 [INF] Executing ObjectResult, writing value of type 'Microsoft.AspNetCore.Mvc.ProblemDetails'.
2023-07-13 08:30:27.257 +02:00 [INF] Executed action TourPlannerServer.Controllers.TourController.GetTourLogs (TourPlannerServer) in 0.9427ms
2023-07-13 08:30:27.257 +02:00 [INF] Executed endpoint 'TourPlannerServer.Controllers.TourController.GetTourLogs (TourPlannerServer)'
2023-07-13 08:30:27.257 +02:00 [INF] Request finished HTTP/1.1 GET https://localhost:7293/api/Tour/4/TourLogs - - - 404 - application/problem+json;+charset=utf-8 1.1969ms
2023-07-13 08:30:27.931 +02:00 [INF] Request starting HTTP/1.1 GET https://localhost:7293/api/Tour/9/TourLogs - -
2023-07-13 08:30:27.931 +02:00 [INF] Executing endpoint 'TourPlannerServer.Controllers.TourController.GetTourLogs (TourPlannerServer)'
2023-07-13 08:30:27.931 +02:00 [INF] Route matched with {action = "GetTourLogs", controller = "Tour"}. Executing controller action with signature System.Threading.Tasks.Task`1[Microsoft.AspNetCore.Mvc.ActionResult`1[System.Collections.Generic.IEnumerable`1[TourPlannerServer.Model.TourLog]]] GetTourLogs(Int32) on controller TourPlannerServer.Controllers.TourController (TourPlannerServer).
2023-07-13 08:30:27.931 +02:00 [INF] Fetching tourLogs for Tour with ID 9
2023-07-13 08:30:27.932 +02:00 [INF] Executed DbCommand (0ms) [Parameters=[@__id_0='?' (DbType = Int32)], CommandType='"Text"', CommandTimeout='30']
SELECT t."Id", t."Comment", t."Date", t."Difficulty", t."Duration", t."Rating", t."TourId"
FROM "TourLog" AS t
WHERE t."TourId" = @__id_0
2023-07-13 08:30:27.932 +02:00 [INF] Executing ObjectResult, writing value of type 'Microsoft.AspNetCore.Mvc.ProblemDetails'.
2023-07-13 08:30:27.932 +02:00 [INF] Executed action TourPlannerServer.Controllers.TourController.GetTourLogs (TourPlannerServer) in 0.979ms
2023-07-13 08:30:27.932 +02:00 [INF] Executed endpoint 'TourPlannerServer.Controllers.TourController.GetTourLogs (TourPlannerServer)'
2023-07-13 08:30:27.932 +02:00 [INF] Request finished HTTP/1.1 GET https://localhost:7293/api/Tour/9/TourLogs - - - 404 - application/problem+json;+charset=utf-8 1.3047ms
2023-07-13 08:30:28.209 +02:00 [INF] Request starting HTTP/1.1 GET https://localhost:7293/api/Tour/20/TourLogs - -
2023-07-13 08:30:28.209 +02:00 [INF] Executing endpoint 'TourPlannerServer.Controllers.TourController.GetTourLogs (TourPlannerServer)'
2023-07-13 08:30:28.209 +02:00 [INF] Route matched with {action = "GetTourLogs", controller = "Tour"}. Executing controller action with signature System.Threading.Tasks.Task`1[Microsoft.AspNetCore.Mvc.ActionResult`1[System.Collections.Generic.IEnumerable`1[TourPlannerServer.Model.TourLog]]] GetTourLogs(Int32) on controller TourPlannerServer.Controllers.TourController (TourPlannerServer).
2023-07-13 08:30:28.209 +02:00 [INF] Fetching tourLogs for Tour with ID 20
2023-07-13 08:30:28.210 +02:00 [INF] Executed DbCommand (0ms) [Parameters=[@__id_0='?' (DbType = Int32)], CommandType='"Text"', CommandTimeout='30']
SELECT t."Id", t."Comment", t."Date", t."Difficulty", t."Duration", t."Rating", t."TourId"
FROM "TourLog" AS t
WHERE t."TourId" = @__id_0
2023-07-13 08:30:28.210 +02:00 [INF] Executing ObjectResult, writing value of type 'Microsoft.AspNetCore.Mvc.ProblemDetails'.
2023-07-13 08:30:28.210 +02:00 [INF] Executed action TourPlannerServer.Controllers.TourController.GetTourLogs (TourPlannerServer) in 0.9259ms
2023-07-13 08:30:28.210 +02:00 [INF] Executed endpoint 'TourPlannerServer.Controllers.TourController.GetTourLogs (TourPlannerServer)'
2023-07-13 08:30:28.210 +02:00 [INF] Request finished HTTP/1.1 GET https://localhost:7293/api/Tour/20/TourLogs - - - 404 - application/problem+json;+charset=utf-8 1.2045ms
2023-07-13 08:30:36.766 +02:00 [INF] Request starting HTTP/1.1 GET https://localhost:7293/api/Tour/1/TourLogs - -
2023-07-13 08:30:36.766 +02:00 [INF] Executing endpoint 'TourPlannerServer.Controllers.TourController.GetTourLogs (TourPlannerServer)'
2023-07-13 08:30:36.766 +02:00 [INF] Route matched with {action = "GetTourLogs", controller = "Tour"}. Executing controller action with signature System.Threading.Tasks.Task`1[Microsoft.AspNetCore.Mvc.ActionResult`1[System.Collections.Generic.IEnumerable`1[TourPlannerServer.Model.TourLog]]] GetTourLogs(Int32) on controller TourPlannerServer.Controllers.TourController (TourPlannerServer).
2023-07-13 08:30:36.766 +02:00 [INF] Fetching tourLogs for Tour with ID 1
2023-07-13 08:30:36.767 +02:00 [INF] Executed DbCommand (0ms) [Parameters=[@__id_0='?' (DbType = Int32)], CommandType='"Text"', CommandTimeout='30']
SELECT t."Id", t."Comment", t."Date", t."Difficulty", t."Duration", t."Rating", t."TourId"
FROM "TourLog" AS t
WHERE t."TourId" = @__id_0
2023-07-13 08:30:36.767 +02:00 [INF] Executing ObjectResult, writing value of type 'Microsoft.AspNetCore.Mvc.ProblemDetails'.
2023-07-13 08:30:36.767 +02:00 [INF] Executed action TourPlannerServer.Controllers.TourController.GetTourLogs (TourPlannerServer) in 0.9835ms
2023-07-13 08:30:36.767 +02:00 [INF] Executed endpoint 'TourPlannerServer.Controllers.TourController.GetTourLogs (TourPlannerServer)'
2023-07-13 08:30:36.767 +02:00 [INF] Request finished HTTP/1.1 GET https://localhost:7293/api/Tour/1/TourLogs - - - 404 - application/problem+json;+charset=utf-8 1.3042ms
2023-07-13 08:30:40.689 +02:00 [INF] Request starting HTTP/1.1 GET https://localhost:7293/api/Tour/4/TourLogs - -
2023-07-13 08:30:40.689 +02:00 [INF] Executing endpoint 'TourPlannerServer.Controllers.TourController.GetTourLogs (TourPlannerServer)'
2023-07-13 08:30:40.689 +02:00 [INF] Route matched with {action = "GetTourLogs", controller = "Tour"}. Executing controller action with signature System.Threading.Tasks.Task`1[Microsoft.AspNetCore.Mvc.ActionResult`1[System.Collections.Generic.IEnumerable`1[TourPlannerServer.Model.TourLog]]] GetTourLogs(Int32) on controller TourPlannerServer.Controllers.TourController (TourPlannerServer).
2023-07-13 08:30:40.689 +02:00 [INF] Fetching tourLogs for Tour with ID 4
2023-07-13 08:30:40.690 +02:00 [INF] Executed DbCommand (0ms) [Parameters=[@__id_0='?' (DbType = Int32)], CommandType='"Text"', CommandTimeout='30']
SELECT t."Id", t."Comment", t."Date", t."Difficulty", t."Duration", t."Rating", t."TourId"
FROM "TourLog" AS t
WHERE t."TourId" = @__id_0
2023-07-13 08:30:40.690 +02:00 [INF] Executing ObjectResult, writing value of type 'Microsoft.AspNetCore.Mvc.ProblemDetails'.
2023-07-13 08:30:40.690 +02:00 [INF] Executed action TourPlannerServer.Controllers.TourController.GetTourLogs (TourPlannerServer) in 0.8972ms
2023-07-13 08:30:40.690 +02:00 [INF] Executed endpoint 'TourPlannerServer.Controllers.TourController.GetTourLogs (TourPlannerServer)'
2023-07-13 08:30:40.690 +02:00 [INF] Request finished HTTP/1.1 GET https://localhost:7293/api/Tour/4/TourLogs - - - 404 - application/problem+json;+charset=utf-8 1.1456ms
2023-07-13 08:30:41.094 +02:00 [INF] Request starting HTTP/1.1 GET https://localhost:7293/api/Tour/1/TourLogs - -
2023-07-13 08:30:41.094 +02:00 [INF] Executing endpoint 'TourPlannerServer.Controllers.TourController.GetTourLogs (TourPlannerServer)'
2023-07-13 08:30:41.094 +02:00 [INF] Route matched with {action = "GetTourLogs", controller = "Tour"}. Executing controller action with signature System.Threading.Tasks.Task`1[Microsoft.AspNetCore.Mvc.ActionResult`1[System.Collections.Generic.IEnumerable`1[TourPlannerServer.Model.TourLog]]] GetTourLogs(Int32) on controller TourPlannerServer.Controllers.TourController (TourPlannerServer).
2023-07-13 08:30:41.095 +02:00 [INF] Fetching tourLogs for Tour with ID 1
2023-07-13 08:30:41.095 +02:00 [INF] Executed DbCommand (0ms) [Parameters=[@__id_0='?' (DbType = Int32)], CommandType='"Text"', CommandTimeout='30']
SELECT t."Id", t."Comment", t."Date", t."Difficulty", t."Duration", t."Rating", t."TourId"
FROM "TourLog" AS t
WHERE t."TourId" = @__id_0
2023-07-13 08:30:41.095 +02:00 [INF] Executing ObjectResult, writing value of type 'Microsoft.AspNetCore.Mvc.ProblemDetails'.
2023-07-13 08:30:41.095 +02:00 [INF] Executed action TourPlannerServer.Controllers.TourController.GetTourLogs (TourPlannerServer) in 0.9391ms
2023-07-13 08:30:41.095 +02:00 [INF] Executed endpoint 'TourPlannerServer.Controllers.TourController.GetTourLogs (TourPlannerServer)'
2023-07-13 08:30:41.096 +02:00 [INF] Request finished HTTP/1.1 GET https://localhost:7293/api/Tour/1/TourLogs - - - 404 - application/problem+json;+charset=utf-8 1.2550ms
2023-07-13 08:30:41.507 +02:00 [INF] Request starting HTTP/1.1 GET https://localhost:7293/api/Tour/4/TourLogs - -
2023-07-13 08:30:41.507 +02:00 [INF] Executing endpoint 'TourPlannerServer.Controllers.TourController.GetTourLogs (TourPlannerServer)'
2023-07-13 08:30:41.507 +02:00 [INF] Route matched with {action = "GetTourLogs", controller = "Tour"}. Executing controller action with signature System.Threading.Tasks.Task`1[Microsoft.AspNetCore.Mvc.ActionResult`1[System.Collections.Generic.IEnumerable`1[TourPlannerServer.Model.TourLog]]] GetTourLogs(Int32) on controller TourPlannerServer.Controllers.TourController (TourPlannerServer).
2023-07-13 08:30:41.507 +02:00 [INF] Fetching tourLogs for Tour with ID 4
2023-07-13 08:30:41.508 +02:00 [INF] Executed DbCommand (0ms) [Parameters=[@__id_0='?' (DbType = Int32)], CommandType='"Text"', CommandTimeout='30']
SELECT t."Id", t."Comment", t."Date", t."Difficulty", t."Duration", t."Rating", t."TourId"
FROM "TourLog" AS t
WHERE t."TourId" = @__id_0
2023-07-13 08:30:41.508 +02:00 [INF] Executing ObjectResult, writing value of type 'Microsoft.AspNetCore.Mvc.ProblemDetails'.
2023-07-13 08:30:41.508 +02:00 [INF] Executed action TourPlannerServer.Controllers.TourController.GetTourLogs (TourPlannerServer) in 1.0452ms
2023-07-13 08:30:41.508 +02:00 [INF] Executed endpoint 'TourPlannerServer.Controllers.TourController.GetTourLogs (TourPlannerServer)'
2023-07-13 08:30:41.508 +02:00 [INF] Request finished HTTP/1.1 GET https://localhost:7293/api/Tour/4/TourLogs - - - 404 - application/problem+json;+charset=utf-8 1.3403ms
2023-07-13 08:30:42.009 +02:00 [INF] Request starting HTTP/1.1 GET https://localhost:7293/api/Tour/9/TourLogs - -
2023-07-13 08:30:42.009 +02:00 [INF] Executing endpoint 'TourPlannerServer.Controllers.TourController.GetTourLogs (TourPlannerServer)'
2023-07-13 08:30:42.009 +02:00 [INF] Route matched with {action = "GetTourLogs", controller = "Tour"}. Executing controller action with signature System.Threading.Tasks.Task`1[Microsoft.AspNetCore.Mvc.ActionResult`1[System.Collections.Generic.IEnumerable`1[TourPlannerServer.Model.TourLog]]] GetTourLogs(Int32) on controller TourPlannerServer.Controllers.TourController (TourPlannerServer).
2023-07-13 08:30:42.009 +02:00 [INF] Fetching tourLogs for Tour with ID 9
2023-07-13 08:30:42.010 +02:00 [INF] Executed DbCommand (0ms) [Parameters=[@__id_0='?' (DbType = Int32)], CommandType='"Text"', CommandTimeout='30']
SELECT t."Id", t."Comment", t."Date", t."Difficulty", t."Duration", t."Rating", t."TourId"
FROM "TourLog" AS t
WHERE t."TourId" = @__id_0
2023-07-13 08:30:42.010 +02:00 [INF] Executing ObjectResult, writing value of type 'Microsoft.AspNetCore.Mvc.ProblemDetails'.
2023-07-13 08:30:42.010 +02:00 [INF] Executed action TourPlannerServer.Controllers.TourController.GetTourLogs (TourPlannerServer) in 0.8582ms
2023-07-13 08:30:42.010 +02:00 [INF] Executed endpoint 'TourPlannerServer.Controllers.TourController.GetTourLogs (TourPlannerServer)'
2023-07-13 08:30:42.010 +02:00 [INF] Request finished HTTP/1.1 GET https://localhost:7293/api/Tour/9/TourLogs - - - 404 - application/problem+json;+charset=utf-8 1.1081ms
2023-07-13 08:30:42.729 +02:00 [INF] Request starting HTTP/1.1 GET https://localhost:7293/api/Tour/20/TourLogs - -
2023-07-13 08:30:42.729 +02:00 [INF] Executing endpoint 'TourPlannerServer.Controllers.TourController.GetTourLogs (TourPlannerServer)'
2023-07-13 08:30:42.729 +02:00 [INF] Route matched with {action = "GetTourLogs", controller = "Tour"}. Executing controller action with signature System.Threading.Tasks.Task`1[Microsoft.AspNetCore.Mvc.ActionResult`1[System.Collections.Generic.IEnumerable`1[TourPlannerServer.Model.TourLog]]] GetTourLogs(Int32) on controller TourPlannerServer.Controllers.TourController (TourPlannerServer).
2023-07-13 08:30:42.729 +02:00 [INF] Fetching tourLogs for Tour with ID 20
2023-07-13 08:30:42.730 +02:00 [INF] Executed DbCommand (0ms) [Parameters=[@__id_0='?' (DbType = Int32)], CommandType='"Text"', CommandTimeout='30']
SELECT t."Id", t."Comment", t."Date", t."Difficulty", t."Duration", t."Rating", t."TourId"
FROM "TourLog" AS t
WHERE t."TourId" = @__id_0
2023-07-13 08:30:42.730 +02:00 [INF] Executing ObjectResult, writing value of type 'Microsoft.AspNetCore.Mvc.ProblemDetails'.
2023-07-13 08:30:42.730 +02:00 [INF] Executed action TourPlannerServer.Controllers.TourController.GetTourLogs (TourPlannerServer) in 0.9433ms
2023-07-13 08:30:42.730 +02:00 [INF] Executed endpoint 'TourPlannerServer.Controllers.TourController.GetTourLogs (TourPlannerServer)'
2023-07-13 08:30:42.730 +02:00 [INF] Request finished HTTP/1.1 GET https://localhost:7293/api/Tour/20/TourLogs - - - 404 - application/problem+json;+charset=utf-8 1.1881ms
2023-07-13 08:31:19.098 +02:00 [INF] Now listening on: https://localhost:7293
2023-07-13 08:31:19.119 +02:00 [INF] Now listening on: http://localhost:5293
2023-07-13 08:31:19.123 +02:00 [INF] Application started. Press Ctrl+C to shut down.
2023-07-13 08:31:19.123 +02:00 [INF] Hosting environment: Development
2023-07-13 08:31:19.123 +02:00 [INF] Content root path: C:\Users\Manuel_work\Documents\FH\FH\semester02\swen02\FH_swen02_TourPlanner\TourPlannerServer\
2023-07-13 08:31:19.802 +02:00 [INF] Request starting HTTP/2 GET https://localhost:7293/swagger/index.html - -
2023-07-13 08:31:19.988 +02:00 [INF] Request finished HTTP/2 GET https://localhost:7293/swagger/index.html - - - 200 - text/html;charset=utf-8 188.0514ms
2023-07-13 08:31:20.018 +02:00 [INF] Request starting HTTP/2 GET https://localhost:7293/_framework/aspnetcore-browser-refresh.js - -
2023-07-13 08:31:20.018 +02:00 [INF] Request starting HTTP/2 GET https://localhost:7293/_vs/browserLink - -
2023-07-13 08:31:20.020 +02:00 [INF] Request finished HTTP/2 GET https://localhost:7293/_framework/aspnetcore-browser-refresh.js - - - 200 11992 application/javascript;+charset=utf-8 2.2040ms
2023-07-13 08:31:20.027 +02:00 [INF] Request finished HTTP/2 GET https://localhost:7293/_vs/browserLink - - - 200 - text/javascript;+charset=UTF-8 9.7564ms
2023-07-13 08:31:20.069 +02:00 [INF] Request starting HTTP/1.1 GET https://localhost:7293/api/Tour - -
2023-07-13 08:31:20.072 +02:00 [INF] Executing endpoint 'TourPlannerServer.Controllers.TourController.GetTours (TourPlannerServer)'
2023-07-13 08:31:20.087 +02:00 [INF] Route matched with {action = "GetTours", controller = "Tour"}. Executing controller action with signature System.Threading.Tasks.Task`1[Microsoft.AspNetCore.Mvc.ActionResult`1[System.Collections.Generic.IEnumerable`1[TourPlannerServer.Model.Tour]]] GetTours() on controller TourPlannerServer.Controllers.TourController (TourPlannerServer).
2023-07-13 08:31:20.168 +02:00 [INF] Fetching all tours
2023-07-13 08:31:20.465 +02:00 [INF] Request starting HTTP/2 GET https://localhost:7293/swagger/v1/swagger.json - -
2023-07-13 08:31:20.555 +02:00 [INF] Request finished HTTP/2 GET https://localhost:7293/swagger/v1/swagger.json - - - 200 - application/json;charset=utf-8 89.3745ms
2023-07-13 08:31:21.250 +02:00 [INF] Executed DbCommand (42ms) [Parameters=[], CommandType='"Text"', CommandTimeout='30']
SELECT t."Id", t."Description", t."Distance", t."EstTime", t."From", t."Name", t."To", t."TransportType"
FROM "Tour" AS t
ORDER BY t."Id"
2023-07-13 08:31:21.308 +02:00 [INF] Executing ObjectResult, writing value of type 'System.Collections.Generic.List`1[[TourPlannerServer.Model.Tour, TourPlannerServer, Version=1.0.0.0, Culture=neutral, PublicKeyToken=null]]'.
2023-07-13 08:31:21.334 +02:00 [INF] Executed action TourPlannerServer.Controllers.TourController.GetTours (TourPlannerServer) in 1244.2094ms
2023-07-13 08:31:21.335 +02:00 [INF] Executed endpoint 'TourPlannerServer.Controllers.TourController.GetTours (TourPlannerServer)'
2023-07-13 08:31:21.339 +02:00 [INF] Request finished HTTP/1.1 GET https://localhost:7293/api/Tour - - - 200 - application/json;+charset=utf-8 1270.0725ms
2023-07-13 08:31:21.548 +02:00 [INF] Request starting HTTP/1.1 GET https://localhost:7293/api/Tour/1/TourLogs - -
2023-07-13 08:31:21.548 +02:00 [INF] Request starting HTTP/1.1 GET https://localhost:7293/api/Tour/4/TourLogs - -
2023-07-13 08:31:21.549 +02:00 [INF] Executing endpoint 'TourPlannerServer.Controllers.TourController.GetTourLogs (TourPlannerServer)'
2023-07-13 08:31:21.549 +02:00 [INF] Executing endpoint 'TourPlannerServer.Controllers.TourController.GetTourLogs (TourPlannerServer)'
2023-07-13 08:31:21.550 +02:00 [INF] Request starting HTTP/1.1 GET https://localhost:7293/api/Tour/9/TourLogs - -
2023-07-13 08:31:21.550 +02:00 [INF] Executing endpoint 'TourPlannerServer.Controllers.TourController.GetTourLogs (TourPlannerServer)'
2023-07-13 08:31:21.551 +02:00 [INF] Request starting HTTP/1.1 GET https://localhost:7293/api/Tour/20/TourLogs - -
2023-07-13 08:31:21.551 +02:00 [INF] Executing endpoint 'TourPlannerServer.Controllers.TourController.GetTourLogs (TourPlannerServer)'
2023-07-13 08:31:21.558 +02:00 [INF] Route matched with {action = "GetTourLogs", controller = "Tour"}. Executing controller action with signature System.Threading.Tasks.Task`1[Microsoft.AspNetCore.Mvc.ActionResult`1[System.Collections.Generic.IEnumerable`1[TourPlannerServer.Model.TourLog]]] GetTourLogs(Int32) on controller TourPlannerServer.Controllers.TourController (TourPlannerServer).
2023-07-13 08:31:21.558 +02:00 [INF] Route matched with {action = "GetTourLogs", controller = "Tour"}. Executing controller action with signature System.Threading.Tasks.Task`1[Microsoft.AspNetCore.Mvc.ActionResult`1[System.Collections.Generic.IEnumerable`1[TourPlannerServer.Model.TourLog]]] GetTourLogs(Int32) on controller TourPlannerServer.Controllers.TourController (TourPlannerServer).
2023-07-13 08:31:21.558 +02:00 [INF] Route matched with {action = "GetTourLogs", controller = "Tour"}. Executing controller action with signature System.Threading.Tasks.Task`1[Microsoft.AspNetCore.Mvc.ActionResult`1[System.Collections.Generic.IEnumerable`1[TourPlannerServer.Model.TourLog]]] GetTourLogs(Int32) on controller TourPlannerServer.Controllers.TourController (TourPlannerServer).
2023-07-13 08:31:21.558 +02:00 [INF] Route matched with {action = "GetTourLogs", controller = "Tour"}. Executing controller action with signature System.Threading.Tasks.Task`1[Microsoft.AspNetCore.Mvc.ActionResult`1[System.Collections.Generic.IEnumerable`1[TourPlannerServer.Model.TourLog]]] GetTourLogs(Int32) on controller TourPlannerServer.Controllers.TourController (TourPlannerServer).
2023-07-13 08:31:21.562 +02:00 [INF] Fetching tourLogs for Tour with ID 4
2023-07-13 08:31:21.562 +02:00 [INF] Fetching tourLogs for Tour with ID 9
2023-07-13 08:31:21.562 +02:00 [INF] Fetching tourLogs for Tour with ID 20
2023-07-13 08:31:21.562 +02:00 [INF] Fetching tourLogs for Tour with ID 1
2023-07-13 08:31:21.596 +02:00 [INF] Executed DbCommand (8ms) [Parameters=[@__id_0='?' (DbType = Int32)], CommandType='"Text"', CommandTimeout='30']
SELECT t."Id", t."Comment", t."Date", t."Difficulty", t."Duration", t."Rating", t."TourId"
FROM "TourLog" AS t
WHERE t."TourId" = @__id_0
2023-07-13 08:31:21.596 +02:00 [INF] Executing ObjectResult, writing value of type 'Microsoft.AspNetCore.Mvc.ProblemDetails'.
2023-07-13 08:31:21.598 +02:00 [INF] Executed action TourPlannerServer.Controllers.TourController.GetTourLogs (TourPlannerServer) in 40.5228ms
2023-07-13 08:31:21.598 +02:00 [INF] Executed endpoint 'TourPlannerServer.Controllers.TourController.GetTourLogs (TourPlannerServer)'
2023-07-13 08:31:21.598 +02:00 [INF] Request finished HTTP/1.1 GET https://localhost:7293/api/Tour/4/TourLogs - - - 404 - application/problem+json;+charset=utf-8 50.1474ms
2023-07-13 08:31:21.607 +02:00 [INF] Executed DbCommand (1ms) [Parameters=[@__id_0='?' (DbType = Int32)], CommandType='"Text"', CommandTimeout='30']
SELECT t."Id", t."Comment", t."Date", t."Difficulty", t."Duration", t."Rating", t."TourId"
FROM "TourLog" AS t
WHERE t."TourId" = @__id_0
2023-07-13 08:31:21.607 +02:00 [INF] Executing ObjectResult, writing value of type 'Microsoft.AspNetCore.Mvc.ProblemDetails'.
2023-07-13 08:31:21.607 +02:00 [INF] Executed action TourPlannerServer.Controllers.TourController.GetTourLogs (TourPlannerServer) in 49.7369ms
2023-07-13 08:31:21.607 +02:00 [INF] Executed endpoint 'TourPlannerServer.Controllers.TourController.GetTourLogs (TourPlannerServer)'
2023-07-13 08:31:21.608 +02:00 [INF] Request finished HTTP/1.1 GET https://localhost:7293/api/Tour/20/TourLogs - - - 404 - application/problem+json;+charset=utf-8 56.8180ms
2023-07-13 08:31:21.608 +02:00 [INF] Executed DbCommand (1ms) [Parameters=[@__id_0='?' (DbType = Int32)], CommandType='"Text"', CommandTimeout='30']
SELECT t."Id", t."Comment", t."Date", t."Difficulty", t."Duration", t."Rating", t."TourId"
FROM "TourLog" AS t
WHERE t."TourId" = @__id_0
2023-07-13 08:31:21.608 +02:00 [INF] Executing ObjectResult, writing value of type 'Microsoft.AspNetCore.Mvc.ProblemDetails'.
2023-07-13 08:31:21.608 +02:00 [INF] Executed action TourPlannerServer.Controllers.TourController.GetTourLogs (TourPlannerServer) in 50.7281ms
2023-07-13 08:31:21.608 +02:00 [INF] Executed endpoint 'TourPlannerServer.Controllers.TourController.GetTourLogs (TourPlannerServer)'
2023-07-13 08:31:21.608 +02:00 [INF] Request finished HTTP/1.1 GET https://localhost:7293/api/Tour/9/TourLogs - - - 404 - application/problem+json;+charset=utf-8 58.4730ms
2023-07-13 08:31:21.718 +02:00 [INF] Executed DbCommand (1ms) [Parameters=[@__id_0='?' (DbType = Int32)], CommandType='"Text"', CommandTimeout='30']
SELECT t."Id", t."Comment", t."Date", t."Difficulty", t."Duration", t."Rating", t."TourId"
FROM "TourLog" AS t
WHERE t."TourId" = @__id_0
2023-07-13 08:31:21.718 +02:00 [INF] Executing ObjectResult, writing value of type 'Microsoft.AspNetCore.Mvc.ProblemDetails'.
2023-07-13 08:31:21.718 +02:00 [INF] Executed action TourPlannerServer.Controllers.TourController.GetTourLogs (TourPlannerServer) in 160.5391ms
2023-07-13 08:31:21.718 +02:00 [INF] Executed endpoint 'TourPlannerServer.Controllers.TourController.GetTourLogs (TourPlannerServer)'
2023-07-13 08:31:21.718 +02:00 [INF] Request finished HTTP/1.1 GET https://localhost:7293/api/Tour/1/TourLogs - - - 404 - application/problem+json;+charset=utf-8 170.0508ms
2023-07-13 08:31:22.120 +02:00 [INF] Request starting HTTP/1.1 GET https://localhost:7293/api/Tour/1/TourLogs - -
2023-07-13 08:31:22.120 +02:00 [INF] Executing endpoint 'TourPlannerServer.Controllers.TourController.GetTourLogs (TourPlannerServer)'
2023-07-13 08:31:22.120 +02:00 [INF] Route matched with {action = "GetTourLogs", controller = "Tour"}. Executing controller action with signature System.Threading.Tasks.Task`1[Microsoft.AspNetCore.Mvc.ActionResult`1[System.Collections.Generic.IEnumerable`1[TourPlannerServer.Model.TourLog]]] GetTourLogs(Int32) on controller TourPlannerServer.Controllers.TourController (TourPlannerServer).
2023-07-13 08:31:22.121 +02:00 [INF] Fetching tourLogs for Tour with ID 1
2023-07-13 08:31:22.156 +02:00 [INF] Executed DbCommand (0ms) [Parameters=[@__id_0='?' (DbType = Int32)], CommandType='"Text"', CommandTimeout='30']
SELECT t."Id", t."Comment", t."Date", t."Difficulty", t."Duration", t."Rating", t."TourId"
FROM "TourLog" AS t
WHERE t."TourId" = @__id_0
2023-07-13 08:31:22.156 +02:00 [INF] Executing ObjectResult, writing value of type 'Microsoft.AspNetCore.Mvc.ProblemDetails'.
2023-07-13 08:31:22.156 +02:00 [INF] Executed action TourPlannerServer.Controllers.TourController.GetTourLogs (TourPlannerServer) in 36.2027ms
2023-07-13 08:31:22.156 +02:00 [INF] Executed endpoint 'TourPlannerServer.Controllers.TourController.GetTourLogs (TourPlannerServer)'
2023-07-13 08:31:22.156 +02:00 [INF] Request finished HTTP/1.1 GET https://localhost:7293/api/Tour/1/TourLogs - - - 404 - application/problem+json;+charset=utf-8 36.5026ms
2023-07-13 08:31:24.551 +02:00 [INF] Request starting HTTP/1.1 GET https://localhost:7293/api/Tour/4/TourLogs - -
2023-07-13 08:31:24.552 +02:00 [INF] Executing endpoint 'TourPlannerServer.Controllers.TourController.GetTourLogs (TourPlannerServer)'
2023-07-13 08:31:24.552 +02:00 [INF] Route matched with {action = "GetTourLogs", controller = "Tour"}. Executing controller action with signature System.Threading.Tasks.Task`1[Microsoft.AspNetCore.Mvc.ActionResult`1[System.Collections.Generic.IEnumerable`1[TourPlannerServer.Model.TourLog]]] GetTourLogs(Int32) on controller TourPlannerServer.Controllers.TourController (TourPlannerServer).
2023-07-13 08:31:24.552 +02:00 [INF] Fetching tourLogs for Tour with ID 4
2023-07-13 08:31:24.552 +02:00 [INF] Executed DbCommand (0ms) [Parameters=[@__id_0='?' (DbType = Int32)], CommandType='"Text"', CommandTimeout='30']
SELECT t."Id", t."Comment", t."Date", t."Difficulty", t."Duration", t."Rating", t."TourId"
FROM "TourLog" AS t
WHERE t."TourId" = @__id_0
2023-07-13 08:31:24.553 +02:00 [INF] Executing ObjectResult, writing value of type 'Microsoft.AspNetCore.Mvc.ProblemDetails'.
2023-07-13 08:31:24.553 +02:00 [INF] Executed action TourPlannerServer.Controllers.TourController.GetTourLogs (TourPlannerServer) in 1.0153ms
2023-07-13 08:31:24.553 +02:00 [INF] Executed endpoint 'TourPlannerServer.Controllers.TourController.GetTourLogs (TourPlannerServer)'
2023-07-13 08:31:24.553 +02:00 [INF] Request finished HTTP/1.1 GET https://localhost:7293/api/Tour/4/TourLogs - - - 404 - application/problem+json;+charset=utf-8 1.3121ms
2023-07-13 08:31:26.733 +02:00 [INF] Request starting HTTP/1.1 GET https://localhost:7293/api/Tour/1/TourLogs - -
2023-07-13 08:31:26.733 +02:00 [INF] Executing endpoint 'TourPlannerServer.Controllers.TourController.GetTourLogs (TourPlannerServer)'
2023-07-13 08:31:26.733 +02:00 [INF] Route matched with {action = "GetTourLogs", controller = "Tour"}. Executing controller action with signature System.Threading.Tasks.Task`1[Microsoft.AspNetCore.Mvc.ActionResult`1[System.Collections.Generic.IEnumerable`1[TourPlannerServer.Model.TourLog]]] GetTourLogs(Int32) on controller TourPlannerServer.Controllers.TourController (TourPlannerServer).
2023-07-13 08:31:26.733 +02:00 [INF] Fetching tourLogs for Tour with ID 1
2023-07-13 08:31:26.734 +02:00 [INF] Executed DbCommand (0ms) [Parameters=[@__id_0='?' (DbType = Int32)], CommandType='"Text"', CommandTimeout='30']
SELECT t."Id", t."Comment", t."Date", t."Difficulty", t."Duration", t."Rating", t."TourId"
FROM "TourLog" AS t
WHERE t."TourId" = @__id_0
2023-07-13 08:31:26.734 +02:00 [INF] Executing ObjectResult, writing value of type 'Microsoft.AspNetCore.Mvc.ProblemDetails'.
2023-07-13 08:31:26.734 +02:00 [INF] Executed action TourPlannerServer.Controllers.TourController.GetTourLogs (TourPlannerServer) in 0.9232ms
2023-07-13 08:31:26.734 +02:00 [INF] Executed endpoint 'TourPlannerServer.Controllers.TourController.GetTourLogs (TourPlannerServer)'
2023-07-13 08:31:26.734 +02:00 [INF] Request finished HTTP/1.1 GET https://localhost:7293/api/Tour/1/TourLogs - - - 404 - application/problem+json;+charset=utf-8 1.2200ms
2023-07-13 08:31:27.408 +02:00 [INF] Request starting HTTP/1.1 GET https://localhost:7293/api/Tour/9/TourLogs - -
2023-07-13 08:31:27.408 +02:00 [INF] Executing endpoint 'TourPlannerServer.Controllers.TourController.GetTourLogs (TourPlannerServer)'
2023-07-13 08:31:27.408 +02:00 [INF] Route matched with {action = "GetTourLogs", controller = "Tour"}. Executing controller action with signature System.Threading.Tasks.Task`1[Microsoft.AspNetCore.Mvc.ActionResult`1[System.Collections.Generic.IEnumerable`1[TourPlannerServer.Model.TourLog]]] GetTourLogs(Int32) on controller TourPlannerServer.Controllers.TourController (TourPlannerServer).
2023-07-13 08:31:27.408 +02:00 [INF] Fetching tourLogs for Tour with ID 9
2023-07-13 08:31:27.409 +02:00 [INF] Executed DbCommand (0ms) [Parameters=[@__id_0='?' (DbType = Int32)], CommandType='"Text"', CommandTimeout='30']
SELECT t."Id", t."Comment", t."Date", t."Difficulty", t."Duration", t."Rating", t."TourId"
FROM "TourLog" AS t
WHERE t."TourId" = @__id_0
2023-07-13 08:31:27.409 +02:00 [INF] Executing ObjectResult, writing value of type 'Microsoft.AspNetCore.Mvc.ProblemDetails'.
2023-07-13 08:31:27.409 +02:00 [INF] Executed action TourPlannerServer.Controllers.TourController.GetTourLogs (TourPlannerServer) in 1.0255ms
2023-07-13 08:31:27.409 +02:00 [INF] Executed endpoint 'TourPlannerServer.Controllers.TourController.GetTourLogs (TourPlannerServer)'
2023-07-13 08:31:27.409 +02:00 [INF] Request finished HTTP/1.1 GET https://localhost:7293/api/Tour/9/TourLogs - - - 404 - application/problem+json;+charset=utf-8 1.3182ms
2023-07-13 08:31:28.248 +02:00 [INF] Request starting HTTP/1.1 GET https://localhost:7293/api/Tour/20/TourLogs - -
2023-07-13 08:31:28.248 +02:00 [INF] Executing endpoint 'TourPlannerServer.Controllers.TourController.GetTourLogs (TourPlannerServer)'
2023-07-13 08:31:28.248 +02:00 [INF] Route matched with {action = "GetTourLogs", controller = "Tour"}. Executing controller action with signature System.Threading.Tasks.Task`1[Microsoft.AspNetCore.Mvc.ActionResult`1[System.Collections.Generic.IEnumerable`1[TourPlannerServer.Model.TourLog]]] GetTourLogs(Int32) on controller TourPlannerServer.Controllers.TourController (TourPlannerServer).
2023-07-13 08:31:28.248 +02:00 [INF] Fetching tourLogs for Tour with ID 20
2023-07-13 08:31:28.249 +02:00 [INF] Executed DbCommand (0ms) [Parameters=[@__id_0='?' (DbType = Int32)], CommandType='"Text"', CommandTimeout='30']
SELECT t."Id", t."Comment", t."Date", t."Difficulty", t."Duration", t."Rating", t."TourId"
FROM "TourLog" AS t
WHERE t."TourId" = @__id_0
2023-07-13 08:31:28.249 +02:00 [INF] Executing ObjectResult, writing value of type 'Microsoft.AspNetCore.Mvc.ProblemDetails'.
2023-07-13 08:31:28.249 +02:00 [INF] Executed action TourPlannerServer.Controllers.TourController.GetTourLogs (TourPlannerServer) in 0.9155ms
2023-07-13 08:31:28.249 +02:00 [INF] Executed endpoint 'TourPlannerServer.Controllers.TourController.GetTourLogs (TourPlannerServer)'
2023-07-13 08:31:28.249 +02:00 [INF] Request finished HTTP/1.1 GET https://localhost:7293/api/Tour/20/TourLogs - - - 404 - application/problem+json;+charset=utf-8 1.1740ms
